  Engine.cpp
C:\Users\regin\Desktop\COMPUTER\CISP\CISP 400\Particles\Particles\Particle.h(5,47): warning C4305: 'initializing': truncation from 'double' to 'float'
C:\Users\regin\Desktop\COMPUTER\CISP\CISP 400\Particles\Particles\Particle.h(8,26): warning C4305: 'initializing': truncation from 'double' to 'float'
C:\Program Files\Microsoft Visual Studio\2022\Community\VC\Tools\MSVC\14.35.32215\include\xmemory(680,47): error C2665: 'Particle::Particle': no overloaded function could convert all the argument types
C:\Users\regin\Desktop\COMPUTER\CISP\CISP 400\Particles\Particles\Particle.h(15,2): message : could be 'Particle::Particle(sf::RenderTarget &,int,sf::Vector2i)'
C:\Program Files\Microsoft Visual Studio\2022\Community\VC\Tools\MSVC\14.35.32215\include\xmemory(680,47): message : 'Particle::Particle(sf::RenderTarget &,int,sf::Vector2i)': cannot convert argument 1 from 'int' to 'sf::RenderTarget &'
C:\Program Files\Microsoft Visual Studio\2022\Community\VC\Tools\MSVC\14.35.32215\include\xmemory(680,47): message : while trying to match the argument list '(int, int, int)'
C:\Program Files\Microsoft Visual Studio\2022\Community\VC\Tools\MSVC\14.35.32215\include\vector(852): message : see reference to function template instantiation 'void std::_Default_allocator_traits<_Alloc>::construct<_Ty,int&,int&,int&>(_Alloc &,_Objty *const ,int &,int &,int &)' being compiled
          with
          [
              _Alloc=std::allocator<Particle>,
              _Ty=Particle,
              _Objty=Particle
          ]
C:\Program Files\Microsoft Visual Studio\2022\Community\VC\Tools\MSVC\14.35.32215\include\vector(863,36): message : see reference to function template instantiation 'void std::_Default_allocator_traits<_Alloc>::construct<_Ty,int&,int&,int&>(_Alloc &,_Objty *const ,int &,int &,int &)' being compiled
          with
          [
              _Alloc=std::allocator<Particle>,
              _Ty=Particle,
              _Objty=Particle
          ]
C:\Program Files\Microsoft Visual Studio\2022\Community\VC\Tools\MSVC\14.35.32215\include\vector(839): message : see reference to function template instantiation '_Ty &std::vector<_Ty,std::allocator<_Ty>>::_Emplace_back_with_unused_capacity<int&,int&,int&>(int &,int &,int &)' being compiled
          with
          [
              _Ty=Particle
          ]
C:\Program Files\Microsoft Visual Studio\2022\Community\VC\Tools\MSVC\14.35.32215\include\vector(845,13): message : see reference to function template instantiation '_Ty &std::vector<_Ty,std::allocator<_Ty>>::_Emplace_back_with_unused_capacity<int&,int&,int&>(int &,int &,int &)' being compiled
          with
          [
              _Ty=Particle
          ]
C:\Program Files\Microsoft Visual Studio\2022\Community\VC\Tools\MSVC\14.35.32215\include\vector(925): message : see reference to function template instantiation '_Ty &std::vector<_Ty,std::allocator<_Ty>>::_Emplace_one_at_back<int&,int&,int&>(int &,int &,int &)' being compiled
          with
          [
              _Ty=Particle
          ]
C:\Program Files\Microsoft Visual Studio\2022\Community\VC\Tools\MSVC\14.35.32215\include\vector(927,14): message : see reference to function template instantiation '_Ty &std::vector<_Ty,std::allocator<_Ty>>::_Emplace_one_at_back<int&,int&,int&>(int &,int &,int &)' being compiled
          with
          [
              _Ty=Particle
          ]
C:\Users\regin\Desktop\COMPUTER\CISP\CISP 400\Particles\Particles\Engine.cpp(68,82): message : see reference to function template instantiation 'void std::vector<Particle,std::allocator<Particle>>::emplace_back<int&,int&,int&>(int &,int &,int &)' being compiled
  main.cpp
C:\Users\regin\Desktop\COMPUTER\CISP\CISP 400\Particles\Particles\Particle.h(5,47): warning C4305: 'initializing': truncation from 'double' to 'float'
C:\Users\regin\Desktop\COMPUTER\CISP\CISP 400\Particles\Particles\Particle.h(8,26): warning C4305: 'initializing': truncation from 'double' to 'float'
  Particle.cpp
C:\Users\regin\Desktop\COMPUTER\CISP\CISP 400\Particles\Particles\Particle.h(5,47): warning C4305: 'initializing': truncation from 'double' to 'float'
C:\Users\regin\Desktop\COMPUTER\CISP\CISP 400\Particles\Particles\Particle.h(8,26): warning C4305: 'initializing': truncation from 'double' to 'float'
  Generating Code...
